0 info it worked if it ends with ok
1 verbose cli [ '/Users/hirokidaichi/.anyenv/envs/ndenv/versions/v0.10.38/bin/node',
1 verbose cli   '/Users/hirokidaichi/.anyenv/envs/ndenv/versions/v0.10.38/bin/npm',
1 verbose cli   'run',
1 verbose cli   'build' ]
2 info using npm@1.4.28
3 info using node@v0.10.38
4 verbose run-script [ 'prebuild', 'build', 'postbuild' ]
5 info prebuild bnb-marketer@1.0.0
6 info build bnb-marketer@1.0.0
7 verbose unsafe-perm in lifecycle true
8 info bnb-marketer@1.0.0 Failed to exec build script
9 error bnb-marketer@1.0.0 build: `npm run clean && electron-packager . airbnbEstimator --out=dist/osx/ --platform=darwin --arch=x64 --icon=img/mount.icns --version=0.28.2`
9 error Exit status 1
10 error Failed at the bnb-marketer@1.0.0 build script.
10 error This is most likely a problem with the bnb-marketer package,
10 error not with npm itself.
10 error Tell the author that this fails on your system:
10 error     npm run clean && electron-packager . airbnbEstimator --out=dist/osx/ --platform=darwin --arch=x64 --icon=img/mount.icns --version=0.28.2
10 error You can get their info via:
10 error     npm owner ls bnb-marketer
10 error There is likely additional logging output above.
11 error System Darwin 14.4.0
12 error command "/Users/hirokidaichi/.anyenv/envs/ndenv/versions/v0.10.38/bin/node" "/Users/hirokidaichi/.anyenv/envs/ndenv/versions/v0.10.38/bin/npm" "run" "build"
13 error cwd /Users/hirokidaichi/go/src/github.com/hirokidaichi/bnb-marketer
14 error node -v v0.10.38
15 error npm -v 1.4.28
16 error code ELIFECYCLE
17 verbose exit [ 1, true ]
